{"E:\\afkDevs\\Creations\\Projects\\Project reaper js\\src\\lib\\component.ts": {"path":"E:\\afkDevs\\Creations\\Projects\\Project reaper js\\src\\lib\\component.ts","all":false,"statementMap":{"0":{"start":{"line":1,"column":0},"end":{"line":1,"column":37}},"1":{"start":{"line":2,"column":0},"end":{"line":2,"column":0}},"2":{"start":{"line":3,"column":0},"end":{"line":3,"column":47}},"3":{"start":{"line":4,"column":0},"end":{"line":4,"column":102}},"4":{"start":{"line":5,"column":0},"end":{"line":5,"column":1}},"5":{"start":{"line":6,"column":0},"end":{"line":6,"column":0}},"6":{"start":{"line":7,"column":0},"end":{"line":7,"column":126}},"7":{"start":{"line":8,"column":0},"end":{"line":8,"column":33}},"8":{"start":{"line":9,"column":0},"end":{"line":9,"column":0}},"9":{"start":{"line":10,"column":0},"end":{"line":10,"column":27}},"10":{"start":{"line":11,"column":0},"end":{"line":11,"column":36}},"11":{"start":{"line":12,"column":0},"end":{"line":12,"column":21}},"12":{"start":{"line":13,"column":0},"end":{"line":13,"column":3}},"13":{"start":{"line":14,"column":0},"end":{"line":14,"column":7}},"14":{"start":{"line":15,"column":0},"end":{"line":15,"column":28}},"15":{"start":{"line":16,"column":0},"end":{"line":16,"column":3}},"16":{"start":{"line":17,"column":0},"end":{"line":17,"column":0}},"17":{"start":{"line":18,"column":0},"end":{"line":18,"column":138}},"18":{"start":{"line":19,"column":0},"end":{"line":19,"column":33}},"19":{"start":{"line":20,"column":0},"end":{"line":20,"column":25}},"20":{"start":{"line":21,"column":0},"end":{"line":21,"column":42}},"21":{"start":{"line":22,"column":0},"end":{"line":22,"column":37}},"22":{"start":{"line":23,"column":0},"end":{"line":23,"column":34}},"23":{"start":{"line":24,"column":0},"end":{"line":24,"column":25}},"24":{"start":{"line":25,"column":0},"end":{"line":25,"column":29}},"25":{"start":{"line":26,"column":0},"end":{"line":26,"column":8}},"26":{"start":{"line":27,"column":0},"end":{"line":27,"column":10}},"27":{"start":{"line":28,"column":0},"end":{"line":28,"column":25}},"28":{"start":{"line":29,"column":0},"end":{"line":29,"column":5}},"29":{"start":{"line":30,"column":0},"end":{"line":30,"column":3}},"30":{"start":{"line":31,"column":0},"end":{"line":31,"column":0}},"31":{"start":{"line":32,"column":0},"end":{"line":32,"column":30}},"32":{"start":{"line":33,"column":0},"end":{"line":33,"column":0}},"33":{"start":{"line":34,"column":0},"end":{"line":34,"column":1}}},"s":{"0":1,"1":1,"2":1,"3":1,"4":1,"5":1,"6":1,"7":6,"8":6,"9":6,"10":6,"11":5,"12":5,"13":1,"14":1,"15":1,"16":1,"17":6,"18":8,"19":1,"20":8,"21":5,"22":7,"23":1,"24":2,"25":2,"26":1,"27":1,"28":1,"29":8,"30":8,"31":6,"32":6,"33":6},"branchMap":{"0":{"type":"branch","line":7,"loc":{"start":{"line":7,"column":7},"end":{"line":34,"column":1}},"locations":[{"start":{"line":7,"column":7},"end":{"line":34,"column":1}}]},"1":{"type":"branch","line":11,"loc":{"start":{"line":11,"column":35},"end":{"line":13,"column":3}},"locations":[{"start":{"line":11,"column":35},"end":{"line":13,"column":3}}]},"2":{"type":"branch","line":13,"loc":{"start":{"line":13,"column":2},"end":{"line":18,"column":11}},"locations":[{"start":{"line":13,"column":2},"end":{"line":18,"column":11}}]},"3":{"type":"branch","line":18,"loc":{"start":{"line":18,"column":2},"end":{"line":32,"column":13}},"locations":[{"start":{"line":18,"column":2},"end":{"line":32,"column":13}}]},"4":{"type":"branch","line":19,"loc":{"start":{"line":19,"column":32},"end":{"line":21,"column":13}},"locations":[{"start":{"line":19,"column":32},"end":{"line":21,"column":13}}]},"5":{"type":"branch","line":21,"loc":{"start":{"line":21,"column":4},"end":{"line":29,"column":5}},"locations":[{"start":{"line":21,"column":4},"end":{"line":29,"column":5}}]},"6":{"type":"branch","line":21,"loc":{"start":{"line":21,"column":41},"end":{"line":23,"column":13}},"locations":[{"start":{"line":21,"column":41},"end":{"line":23,"column":13}}]},"7":{"type":"branch","line":23,"loc":{"start":{"line":23,"column":4},"end":{"line":29,"column":5}},"locations":[{"start":{"line":23,"column":4},"end":{"line":29,"column":5}}]},"8":{"type":"branch","line":23,"loc":{"start":{"line":23,"column":33},"end":{"line":29,"column":5}},"locations":[{"start":{"line":23,"column":33},"end":{"line":29,"column":5}}]},"9":{"type":"branch","line":24,"loc":{"start":{"line":24,"column":19},"end":{"line":26,"column":8}},"locations":[{"start":{"line":24,"column":19},"end":{"line":26,"column":8}}]},"10":{"type":"branch","line":34,"loc":{"start":{"line":34,"column":0},"end":{"line":34,"column":1}},"locations":[{"start":{"line":34,"column":0},"end":{"line":34,"column":1}}]}},"b":{"0":[6],"1":[5],"2":[1],"3":[8],"4":[1],"5":[7],"6":[5],"7":[2],"8":[1],"9":[2],"10":[6]},"fnMap":{"0":{"name":"render","decl":{"start":{"line":7,"column":7},"end":{"line":34,"column":1}},"loc":{"start":{"line":7,"column":7},"end":{"line":34,"column":1}},"line":7},"1":{"name":"appendNode","decl":{"start":{"line":18,"column":2},"end":{"line":32,"column":13}},"loc":{"start":{"line":18,"column":2},"end":{"line":32,"column":13}},"line":18},"2":{"name":"get","decl":{"start":{"line":34,"column":0},"end":{"line":34,"column":1}},"loc":{"start":{"line":34,"column":0},"end":{"line":34,"column":1}},"line":34}},"f":{"0":6,"1":8,"2":6}}
,"E:\\afkDevs\\Creations\\Projects\\Project reaper js\\src\\lib\\node.ts": {"path":"E:\\afkDevs\\Creations\\Projects\\Project reaper js\\src\\lib\\node.ts","all":false,"statementMap":{"0":{"start":{"line":1,"column":0},"end":{"line":1,"column":40}},"1":{"start":{"line":2,"column":0},"end":{"line":2,"column":41}},"2":{"start":{"line":3,"column":0},"end":{"line":3,"column":0}},"3":{"start":{"line":4,"column":0},"end":{"line":4,"column":48}},"4":{"start":{"line":5,"column":0},"end":{"line":5,"column":29}},"5":{"start":{"line":6,"column":0},"end":{"line":6,"column":30}},"6":{"start":{"line":7,"column":0},"end":{"line":7,"column":83}},"7":{"start":{"line":8,"column":0},"end":{"line":8,"column":22}},"8":{"start":{"line":9,"column":0},"end":{"line":9,"column":3}},"9":{"start":{"line":10,"column":0},"end":{"line":10,"column":0}},"10":{"start":{"line":11,"column":0},"end":{"line":11,"column":9}},"11":{"start":{"line":12,"column":0},"end":{"line":12,"column":27}},"12":{"start":{"line":13,"column":0},"end":{"line":13,"column":3}},"13":{"start":{"line":14,"column":0},"end":{"line":14,"column":0}},"14":{"start":{"line":15,"column":0},"end":{"line":15,"column":27}},"15":{"start":{"line":16,"column":0},"end":{"line":16,"column":35}},"16":{"start":{"line":17,"column":0},"end":{"line":17,"column":3}},"17":{"start":{"line":18,"column":0},"end":{"line":18,"column":30}},"18":{"start":{"line":19,"column":0},"end":{"line":19,"column":36}},"19":{"start":{"line":20,"column":0},"end":{"line":20,"column":3}},"20":{"start":{"line":21,"column":0},"end":{"line":21,"column":0}},"21":{"start":{"line":22,"column":0},"end":{"line":22,"column":14}},"22":{"start":{"line":23,"column":0},"end":{"line":23,"column":11}},"23":{"start":{"line":24,"column":0},"end":{"line":24,"column":8}},"24":{"start":{"line":25,"column":0},"end":{"line":25,"column":55}},"25":{"start":{"line":26,"column":0},"end":{"line":26,"column":5}},"26":{"start":{"line":27,"column":0},"end":{"line":27,"column":26}},"27":{"start":{"line":28,"column":0},"end":{"line":28,"column":3}},"28":{"start":{"line":29,"column":0},"end":{"line":29,"column":13}},"29":{"start":{"line":30,"column":0},"end":{"line":30,"column":93}},"30":{"start":{"line":31,"column":0},"end":{"line":31,"column":3}},"31":{"start":{"line":32,"column":0},"end":{"line":32,"column":9}},"32":{"start":{"line":33,"column":0},"end":{"line":33,"column":8}},"33":{"start":{"line":34,"column":0},"end":{"line":34,"column":75}},"34":{"start":{"line":35,"column":0},"end":{"line":35,"column":5}},"35":{"start":{"line":36,"column":0},"end":{"line":36,"column":26}},"36":{"start":{"line":37,"column":0},"end":{"line":37,"column":3}},"37":{"start":{"line":38,"column":0},"end":{"line":38,"column":9}},"38":{"start":{"line":39,"column":0},"end":{"line":39,"column":8}},"39":{"start":{"line":40,"column":0},"end":{"line":40,"column":79}},"40":{"start":{"line":41,"column":0},"end":{"line":41,"column":5}},"41":{"start":{"line":42,"column":0},"end":{"line":42,"column":26}},"42":{"start":{"line":43,"column":0},"end":{"line":43,"column":3}},"43":{"start":{"line":44,"column":0},"end":{"line":44,"column":0}},"44":{"start":{"line":45,"column":0},"end":{"line":45,"column":11}},"45":{"start":{"line":46,"column":0},"end":{"line":46,"column":68}},"46":{"start":{"line":47,"column":0},"end":{"line":47,"column":49}},"47":{"start":{"line":48,"column":0},"end":{"line":48,"column":15}},"48":{"start":{"line":49,"column":0},"end":{"line":49,"column":3}},"49":{"start":{"line":50,"column":0},"end":{"line":50,"column":69}},"50":{"start":{"line":51,"column":0},"end":{"line":51,"column":52}},"51":{"start":{"line":52,"column":0},"end":{"line":52,"column":15}},"52":{"start":{"line":53,"column":0},"end":{"line":53,"column":3}},"53":{"start":{"line":54,"column":0},"end":{"line":54,"column":0}},"54":{"start":{"line":55,"column":0},"end":{"line":55,"column":12}},"55":{"start":{"line":56,"column":0},"end":{"line":56,"column":9}},"56":{"start":{"line":57,"column":0},"end":{"line":57,"column":34}},"57":{"start":{"line":58,"column":0},"end":{"line":58,"column":3}},"58":{"start":{"line":59,"column":0},"end":{"line":59,"column":41}},"59":{"start":{"line":60,"column":0},"end":{"line":60,"column":33}},"60":{"start":{"line":61,"column":0},"end":{"line":61,"column":36}},"61":{"start":{"line":62,"column":0},"end":{"line":62,"column":5}},"62":{"start":{"line":63,"column":0},"end":{"line":63,"column":9}},"63":{"start":{"line":64,"column":0},"end":{"line":64,"column":28}},"64":{"start":{"line":65,"column":0},"end":{"line":65,"column":40}},"65":{"start":{"line":66,"column":0},"end":{"line":66,"column":8}},"66":{"start":{"line":67,"column":0},"end":{"line":67,"column":5}},"67":{"start":{"line":68,"column":0},"end":{"line":68,"column":15}},"68":{"start":{"line":69,"column":0},"end":{"line":69,"column":3}},"69":{"start":{"line":70,"column":0},"end":{"line":70,"column":9}},"70":{"start":{"line":71,"column":0},"end":{"line":71,"column":32}},"71":{"start":{"line":72,"column":0},"end":{"line":72,"column":3}},"72":{"start":{"line":73,"column":0},"end":{"line":73,"column":41}},"73":{"start":{"line":74,"column":0},"end":{"line":74,"column":33}},"74":{"start":{"line":75,"column":0},"end":{"line":75,"column":37}},"75":{"start":{"line":76,"column":0},"end":{"line":76,"column":5}},"76":{"start":{"line":77,"column":0},"end":{"line":77,"column":9}},"77":{"start":{"line":78,"column":0},"end":{"line":78,"column":28}},"78":{"start":{"line":79,"column":0},"end":{"line":79,"column":38}},"79":{"start":{"line":80,"column":0},"end":{"line":80,"column":8}},"80":{"start":{"line":81,"column":0},"end":{"line":81,"column":5}},"81":{"start":{"line":82,"column":0},"end":{"line":82,"column":16}},"82":{"start":{"line":83,"column":0},"end":{"line":83,"column":3}},"83":{"start":{"line":84,"column":0},"end":{"line":84,"column":122}},"84":{"start":{"line":85,"column":0},"end":{"line":85,"column":36}},"85":{"start":{"line":86,"column":0},"end":{"line":86,"column":28}},"86":{"start":{"line":87,"column":0},"end":{"line":87,"column":60}},"87":{"start":{"line":88,"column":0},"end":{"line":88,"column":60}},"88":{"start":{"line":89,"column":0},"end":{"line":89,"column":21}},"89":{"start":{"line":90,"column":0},"end":{"line":90,"column":11}},"90":{"start":{"line":91,"column":0},"end":{"line":91,"column":8}},"91":{"start":{"line":92,"column":0},"end":{"line":92,"column":5}},"92":{"start":{"line":93,"column":0},"end":{"line":93,"column":9}},"93":{"start":{"line":94,"column":0},"end":{"line":94,"column":56}},"94":{"start":{"line":95,"column":0},"end":{"line":95,"column":58}},"95":{"start":{"line":96,"column":0},"end":{"line":96,"column":19}},"96":{"start":{"line":97,"column":0},"end":{"line":97,"column":9}},"97":{"start":{"line":98,"column":0},"end":{"line":98,"column":5}},"98":{"start":{"line":99,"column":0},"end":{"line":99,"column":0}},"99":{"start":{"line":100,"column":0},"end":{"line":100,"column":15}},"100":{"start":{"line":101,"column":0},"end":{"line":101,"column":3}},"101":{"start":{"line":102,"column":0},"end":{"line":102,"column":65}},"102":{"start":{"line":103,"column":0},"end":{"line":103,"column":45}},"103":{"start":{"line":104,"column":0},"end":{"line":104,"column":56}},"104":{"start":{"line":105,"column":0},"end":{"line":105,"column":17}},"105":{"start":{"line":106,"column":0},"end":{"line":106,"column":7}},"106":{"start":{"line":107,"column":0},"end":{"line":107,"column":0}},"107":{"start":{"line":108,"column":0},"end":{"line":108,"column":15}},"108":{"start":{"line":109,"column":0},"end":{"line":109,"column":3}},"109":{"start":{"line":110,"column":0},"end":{"line":110,"column":66}},"110":{"start":{"line":111,"column":0},"end":{"line":111,"column":46}},"111":{"start":{"line":112,"column":0},"end":{"line":112,"column":56}},"112":{"start":{"line":113,"column":0},"end":{"line":113,"column":17}},"113":{"start":{"line":114,"column":0},"end":{"line":114,"column":7}},"114":{"start":{"line":115,"column":0},"end":{"line":115,"column":15}},"115":{"start":{"line":116,"column":0},"end":{"line":116,"column":3}},"116":{"start":{"line":117,"column":0},"end":{"line":117,"column":11}},"117":{"start":{"line":118,"column":0},"end":{"line":118,"column":24}},"118":{"start":{"line":119,"column":0},"end":{"line":119,"column":15}},"119":{"start":{"line":120,"column":0},"end":{"line":120,"column":3}},"120":{"start":{"line":121,"column":0},"end":{"line":121,"column":0}},"121":{"start":{"line":122,"column":0},"end":{"line":122,"column":12}},"122":{"start":{"line":123,"column":0},"end":{"line":123,"column":30}},"123":{"start":{"line":124,"column":0},"end":{"line":124,"column":40}},"124":{"start":{"line":125,"column":0},"end":{"line":125,"column":15}},"125":{"start":{"line":126,"column":0},"end":{"line":126,"column":3}},"126":{"start":{"line":127,"column":0},"end":{"line":127,"column":33}},"127":{"start":{"line":128,"column":0},"end":{"line":128,"column":43}},"128":{"start":{"line":129,"column":0},"end":{"line":129,"column":15}},"129":{"start":{"line":130,"column":0},"end":{"line":130,"column":3}},"130":{"start":{"line":131,"column":0},"end":{"line":131,"column":33}},"131":{"start":{"line":132,"column":0},"end":{"line":132,"column":43}},"132":{"start":{"line":133,"column":0},"end":{"line":133,"column":15}},"133":{"start":{"line":134,"column":0},"end":{"line":134,"column":3}},"134":{"start":{"line":135,"column":0},"end":{"line":135,"column":0}},"135":{"start":{"line":136,"column":0},"end":{"line":136,"column":8}},"136":{"start":{"line":137,"column":0},"end":{"line":137,"column":24}},"137":{"start":{"line":138,"column":0},"end":{"line":138,"column":91}},"138":{"start":{"line":139,"column":0},"end":{"line":139,"column":0}},"139":{"start":{"line":140,"column":0},"end":{"line":140,"column":43}},"140":{"start":{"line":141,"column":0},"end":{"line":141,"column":3}},"141":{"start":{"line":142,"column":0},"end":{"line":142,"column":59}},"142":{"start":{"line":143,"column":0},"end":{"line":143,"column":82}},"143":{"start":{"line":144,"column":0},"end":{"line":144,"column":0}},"144":{"start":{"line":145,"column":0},"end":{"line":145,"column":34}},"145":{"start":{"line":146,"column":0},"end":{"line":146,"column":20}},"146":{"start":{"line":147,"column":0},"end":{"line":147,"column":19}},"147":{"start":{"line":148,"column":0},"end":{"line":148,"column":46}},"148":{"start":{"line":149,"column":0},"end":{"line":149,"column":5}},"149":{"start":{"line":150,"column":0},"end":{"line":150,"column":9}},"150":{"start":{"line":151,"column":0},"end":{"line":151,"column":28}},"151":{"start":{"line":152,"column":0},"end":{"line":152,"column":22}},"152":{"start":{"line":153,"column":0},"end":{"line":153,"column":21}},"153":{"start":{"line":154,"column":0},"end":{"line":154,"column":50}},"154":{"start":{"line":155,"column":0},"end":{"line":155,"column":8}},"155":{"start":{"line":156,"column":0},"end":{"line":156,"column":5}},"156":{"start":{"line":157,"column":0},"end":{"line":157,"column":15}},"157":{"start":{"line":158,"column":0},"end":{"line":158,"column":3}},"158":{"start":{"line":159,"column":0},"end":{"line":159,"column":10}},"159":{"start":{"line":160,"column":0},"end":{"line":160,"column":87}},"160":{"start":{"line":161,"column":0},"end":{"line":161,"column":0}},"161":{"start":{"line":162,"column":0},"end":{"line":162,"column":81}},"162":{"start":{"line":163,"column":0},"end":{"line":163,"column":23}},"163":{"start":{"line":164,"column":0},"end":{"line":164,"column":36}},"164":{"start":{"line":165,"column":0},"end":{"line":165,"column":7}},"165":{"start":{"line":166,"column":0},"end":{"line":166,"column":16}},"166":{"start":{"line":167,"column":0},"end":{"line":167,"column":7}},"167":{"start":{"line":168,"column":0},"end":{"line":168,"column":15}},"168":{"start":{"line":169,"column":0},"end":{"line":169,"column":3}},"169":{"start":{"line":170,"column":0},"end":{"line":170,"column":81}},"170":{"start":{"line":171,"column":0},"end":{"line":171,"column":56}},"171":{"start":{"line":172,"column":0},"end":{"line":172,"column":78}},"172":{"start":{"line":173,"column":0},"end":{"line":173,"column":0}},"173":{"start":{"line":174,"column":0},"end":{"line":174,"column":38}},"174":{"start":{"line":175,"column":0},"end":{"line":175,"column":30}},"175":{"start":{"line":176,"column":0},"end":{"line":176,"column":24}},"176":{"start":{"line":177,"column":0},"end":{"line":177,"column":23}},"177":{"start":{"line":178,"column":0},"end":{"line":178,"column":51}},"178":{"start":{"line":179,"column":0},"end":{"line":179,"column":10}},"179":{"start":{"line":180,"column":0},"end":{"line":180,"column":7}},"180":{"start":{"line":181,"column":0},"end":{"line":181,"column":11}},"181":{"start":{"line":182,"column":0},"end":{"line":182,"column":22}},"182":{"start":{"line":183,"column":0},"end":{"line":183,"column":21}},"183":{"start":{"line":184,"column":0},"end":{"line":184,"column":47}},"184":{"start":{"line":185,"column":0},"end":{"line":185,"column":7}},"185":{"start":{"line":186,"column":0},"end":{"line":186,"column":5}},"186":{"start":{"line":187,"column":0},"end":{"line":187,"column":15}},"187":{"start":{"line":188,"column":0},"end":{"line":188,"column":3}},"188":{"start":{"line":189,"column":0},"end":{"line":189,"column":0}},"189":{"start":{"line":190,"column":0},"end":{"line":190,"column":15}},"190":{"start":{"line":191,"column":0},"end":{"line":191,"column":21}},"191":{"start":{"line":192,"column":0},"end":{"line":192,"column":41}},"192":{"start":{"line":193,"column":0},"end":{"line":193,"column":3}},"193":{"start":{"line":194,"column":0},"end":{"line":194,"column":56}},"194":{"start":{"line":195,"column":0},"end":{"line":195,"column":34}},"195":{"start":{"line":196,"column":0},"end":{"line":196,"column":43}},"196":{"start":{"line":197,"column":0},"end":{"line":197,"column":5}},"197":{"start":{"line":198,"column":0},"end":{"line":198,"column":9}},"198":{"start":{"line":199,"column":0},"end":{"line":199,"column":28}},"199":{"start":{"line":200,"column":0},"end":{"line":200,"column":47}},"200":{"start":{"line":201,"column":0},"end":{"line":201,"column":8}},"201":{"start":{"line":202,"column":0},"end":{"line":202,"column":5}},"202":{"start":{"line":203,"column":0},"end":{"line":203,"column":15}},"203":{"start":{"line":204,"column":0},"end":{"line":204,"column":3}},"204":{"start":{"line":205,"column":0},"end":{"line":205,"column":27}},"205":{"start":{"line":206,"column":0},"end":{"line":206,"column":37}},"206":{"start":{"line":207,"column":0},"end":{"line":207,"column":41}},"207":{"start":{"line":208,"column":0},"end":{"line":208,"column":3}},"208":{"start":{"line":209,"column":0},"end":{"line":209,"column":0}},"209":{"start":{"line":210,"column":0},"end":{"line":210,"column":10}},"210":{"start":{"line":211,"column":0},"end":{"line":211,"column":48}},"211":{"start":{"line":212,"column":0},"end":{"line":212,"column":30}},"212":{"start":{"line":213,"column":0},"end":{"line":213,"column":5}},"213":{"start":{"line":214,"column":0},"end":{"line":214,"column":9}},"214":{"start":{"line":215,"column":0},"end":{"line":215,"column":15}},"215":{"start":{"line":216,"column":0},"end":{"line":216,"column":5}},"216":{"start":{"line":217,"column":0},"end":{"line":217,"column":3}},"217":{"start":{"line":218,"column":0},"end":{"line":218,"column":43}},"218":{"start":{"line":219,"column":0},"end":{"line":219,"column":48}},"219":{"start":{"line":220,"column":0},"end":{"line":220,"column":36}},"220":{"start":{"line":221,"column":0},"end":{"line":221,"column":33}},"221":{"start":{"line":222,"column":0},"end":{"line":222,"column":7}},"222":{"start":{"line":223,"column":0},"end":{"line":223,"column":11}},"223":{"start":{"line":224,"column":0},"end":{"line":224,"column":30}},"224":{"start":{"line":225,"column":0},"end":{"line":225,"column":59}},"225":{"start":{"line":226,"column":0},"end":{"line":226,"column":10}},"226":{"start":{"line":227,"column":0},"end":{"line":227,"column":7}},"227":{"start":{"line":228,"column":0},"end":{"line":228,"column":5}},"228":{"start":{"line":229,"column":0},"end":{"line":229,"column":0}},"229":{"start":{"line":230,"column":0},"end":{"line":230,"column":15}},"230":{"start":{"line":231,"column":0},"end":{"line":231,"column":3}},"231":{"start":{"line":232,"column":0},"end":{"line":232,"column":67}},"232":{"start":{"line":233,"column":0},"end":{"line":233,"column":48}},"233":{"start":{"line":234,"column":0},"end":{"line":234,"column":28}},"234":{"start":{"line":235,"column":0},"end":{"line":235,"column":60}},"235":{"start":{"line":236,"column":0},"end":{"line":236,"column":8}},"236":{"start":{"line":237,"column":0},"end":{"line":237,"column":0}},"237":{"start":{"line":238,"column":0},"end":{"line":238,"column":53}},"238":{"start":{"line":239,"column":0},"end":{"line":239,"column":60}},"239":{"start":{"line":240,"column":0},"end":{"line":240,"column":8}},"240":{"start":{"line":241,"column":0},"end":{"line":241,"column":5}},"241":{"start":{"line":242,"column":0},"end":{"line":242,"column":15}},"242":{"start":{"line":243,"column":0},"end":{"line":243,"column":3}},"243":{"start":{"line":244,"column":0},"end":{"line":244,"column":0}},"244":{"start":{"line":245,"column":0},"end":{"line":245,"column":16}},"245":{"start":{"line":246,"column":0},"end":{"line":246,"column":15}},"246":{"start":{"line":247,"column":0},"end":{"line":247,"column":1}},"247":{"start":{"line":248,"column":0},"end":{"line":248,"column":0}},"248":{"start":{"line":249,"column":0},"end":{"line":249,"column":41}},"249":{"start":{"line":250,"column":0},"end":{"line":250,"column":30}},"250":{"start":{"line":251,"column":0},"end":{"line":251,"column":1}},"251":{"start":{"line":252,"column":0},"end":{"line":252,"column":0}},"252":{"start":{"line":253,"column":0},"end":{"line":253,"column":44}},"253":{"start":{"line":254,"column":0},"end":{"line":254,"column":31}},"254":{"start":{"line":255,"column":0},"end":{"line":255,"column":1}},"255":{"start":{"line":256,"column":0},"end":{"line":256,"column":0}},"256":{"start":{"line":257,"column":0},"end":{"line":257,"column":40}},"257":{"start":{"line":258,"column":0},"end":{"line":258,"column":21}},"258":{"start":{"line":259,"column":0},"end":{"line":259,"column":1}},"259":{"start":{"line":260,"column":0},"end":{"line":260,"column":0}},"260":{"start":{"line":261,"column":0},"end":{"line":261,"column":39}},"261":{"start":{"line":262,"column":0},"end":{"line":262,"column":25}},"262":{"start":{"line":263,"column":0},"end":{"line":263,"column":1}},"263":{"start":{"line":264,"column":0},"end":{"line":264,"column":0}},"264":{"start":{"line":265,"column":0},"end":{"line":265,"column":105}},"265":{"start":{"line":266,"column":0},"end":{"line":266,"column":25}},"266":{"start":{"line":267,"column":0},"end":{"line":267,"column":34}},"267":{"start":{"line":268,"column":0},"end":{"line":268,"column":3}},"268":{"start":{"line":269,"column":0},"end":{"line":269,"column":43}},"269":{"start":{"line":270,"column":0},"end":{"line":270,"column":61}},"270":{"start":{"line":271,"column":0},"end":{"line":271,"column":3}},"271":{"start":{"line":272,"column":0},"end":{"line":272,"column":7}},"272":{"start":{"line":273,"column":0},"end":{"line":273,"column":30}},"273":{"start":{"line":274,"column":0},"end":{"line":274,"column":3}},"274":{"start":{"line":275,"column":0},"end":{"line":275,"column":1}},"275":{"start":{"line":276,"column":0},"end":{"line":276,"column":0}},"276":{"start":{"line":277,"column":0},"end":{"line":277,"column":16}},"277":{"start":{"line":278,"column":0},"end":{"line":278,"column":115}},"278":{"start":{"line":279,"column":0},"end":{"line":279,"column":35}},"279":{"start":{"line":280,"column":0},"end":{"line":280,"column":8}},"280":{"start":{"line":281,"column":0},"end":{"line":281,"column":60}},"281":{"start":{"line":282,"column":0},"end":{"line":282,"column":5}},"282":{"start":{"line":283,"column":0},"end":{"line":283,"column":26}},"283":{"start":{"line":284,"column":0},"end":{"line":284,"column":3}},"284":{"start":{"line":285,"column":0},"end":{"line":285,"column":43}},"285":{"start":{"line":286,"column":0},"end":{"line":286,"column":36}},"286":{"start":{"line":287,"column":0},"end":{"line":287,"column":3}},"287":{"start":{"line":288,"column":0},"end":{"line":288,"column":18}},"288":{"start":{"line":289,"column":0},"end":{"line":289,"column":1}},"289":{"start":{"line":290,"column":0},"end":{"line":290,"column":19}},"290":{"start":{"line":291,"column":0},"end":{"line":291,"column":98}},"291":{"start":{"line":292,"column":0},"end":{"line":292,"column":144}},"292":{"start":{"line":293,"column":0},"end":{"line":293,"column":1}},"293":{"start":{"line":294,"column":0},"end":{"line":294,"column":16}},"294":{"start":{"line":295,"column":0},"end":{"line":295,"column":70}},"295":{"start":{"line":296,"column":0},"end":{"line":296,"column":6}},"296":{"start":{"line":297,"column":0},"end":{"line":297,"column":59}},"297":{"start":{"line":298,"column":0},"end":{"line":298,"column":3}},"298":{"start":{"line":299,"column":0},"end":{"line":299,"column":24}},"299":{"start":{"line":300,"column":0},"end":{"line":300,"column":1}}},"s":{"0":1,"1":1,"2":1,"3":1,"4":1,"5":1,"6":128,"7":128,"8":122,"9":1,"10":1,"11":55,"12":55,"13":1,"14":1,"15":1,"16":1,"17":1,"18":1,"19":1,"20":1,"21":1,"22":1,"23":3,"24":3,"25":3,"26":1,"27":3,"28":1,"29":22,"30":22,"31":1,"32":3,"33":3,"34":3,"35":1,"36":3,"37":1,"38":3,"39":3,"40":3,"41":1,"42":3,"43":1,"44":1,"45":1,"46":2,"47":2,"48":2,"49":1,"50":1,"51":1,"52":1,"53":1,"54":1,"55":1,"56":10,"57":10,"58":1,"59":11,"60":10,"61":10,"62":1,"63":1,"64":2,"65":2,"66":1,"67":11,"68":11,"69":1,"70":5,"71":5,"72":1,"73":4,"74":3,"75":3,"76":1,"77":1,"78":2,"79":2,"80":1,"81":4,"82":4,"83":1,"84":3,"85":1,"86":2,"87":5,"88":5,"89":2,"90":2,"91":1,"92":2,"93":2,"94":3,"95":3,"96":2,"97":2,"98":2,"99":3,"100":3,"101":1,"102":1,"103":3,"104":3,"105":1,"106":1,"107":1,"108":1,"109":1,"110":1,"111":3,"112":3,"113":1,"114":1,"115":1,"116":1,"117":1,"118":1,"119":1,"120":1,"121":1,"122":1,"123":3,"124":3,"125":3,"126":1,"127":1,"128":1,"129":1,"130":1,"131":2,"132":2,"133":2,"134":1,"135":1,"136":1,"137":14,"138":14,"139":14,"140":14,"141":1,"142":3,"143":3,"144":3,"145":2,"146":2,"147":2,"148":2,"149":1,"150":1,"151":2,"152":2,"153":2,"154":2,"155":1,"156":3,"157":3,"158":1,"159":2,"160":2,"161":2,"162":2,"163":1,"164":1,"165":2,"166":2,"167":2,"168":1,"169":1,"170":2,"171":5,"172":5,"173":5,"174":2,"175":4,"176":4,"177":4,"178":4,"179":2,"180":3,"181":3,"182":3,"183":3,"184":3,"185":5,"186":2,"187":2,"188":1,"189":1,"190":1,"191":7,"192":7,"193":1,"194":2,"195":1,"196":1,"197":1,"198":1,"199":2,"200":2,"201":1,"202":2,"203":2,"204":1,"205":1,"206":1,"207":1,"208":1,"209":1,"210":11,"211":9,"212":9,"213":2,"214":2,"215":2,"216":11,"217":1,"218":2,"219":2,"220":1,"221":1,"222":1,"223":1,"224":2,"225":2,"226":1,"227":2,"228":2,"229":2,"230":2,"231":1,"232":1,"233":1,"234":3,"235":3,"236":1,"237":1,"238":1,"239":1,"240":1,"241":1,"242":1,"243":1,"244":1,"245":1,"246":55,"247":1,"248":1,"249":2,"250":2,"251":1,"252":1,"253":2,"254":2,"255":1,"256":1,"257":13,"258":13,"259":1,"260":1,"261":13,"262":9,"263":1,"264":1,"265":4,"266":2,"267":2,"268":2,"269":1,"270":1,"271":1,"272":1,"273":1,"274":3,"275":1,"276":1,"277":1,"278":20,"279":5,"280":5,"281":5,"282":2,"283":5,"284":15,"285":15,"286":15,"287":0,"288":3,"289":1,"290":1,"291":5,"292":2,"293":1,"294":1,"295":14,"296":14,"297":14,"298":1,"299":1},"branchMap":{"0":{"type":"branch","line":5,"loc":{"start":{"line":5,"column":10},"end":{"line":5,"column":29}},"locations":[{"start":{"line":5,"column":10},"end":{"line":5,"column":29}}]},"1":{"type":"branch","line":6,"loc":{"start":{"line":6,"column":2},"end":{"line":9,"column":3}},"locations":[{"start":{"line":6,"column":2},"end":{"line":9,"column":3}}]},"2":{"type":"branch","line":7,"loc":{"start":{"line":7,"column":22},"end":{"line":8,"column":9}},"locations":[{"start":{"line":7,"column":22},"end":{"line":8,"column":9}}]},"3":{"type":"branch","line":8,"loc":{"start":{"line":8,"column":4},"end":{"line":9,"column":3}},"locations":[{"start":{"line":8,"column":4},"end":{"line":9,"column":3}}]},"4":{"type":"branch","line":11,"loc":{"start":{"line":11,"column":2},"end":{"line":13,"column":3}},"locations":[{"start":{"line":11,"column":2},"end":{"line":13,"column":3}}]},"5":{"type":"branch","line":15,"loc":{"start":{"line":15,"column":2},"end":{"line":17,"column":3}},"locations":[{"start":{"line":15,"column":2},"end":{"line":17,"column":3}}]},"6":{"type":"branch","line":18,"loc":{"start":{"line":18,"column":2},"end":{"line":20,"column":3}},"locations":[{"start":{"line":18,"column":2},"end":{"line":20,"column":3}}]},"7":{"type":"branch","line":23,"loc":{"start":{"line":23,"column":2},"end":{"line":28,"column":3}},"locations":[{"start":{"line":23,"column":2},"end":{"line":28,"column":3}}]},"8":{"type":"branch","line":26,"loc":{"start":{"line":26,"column":4},"end":{"line":27,"column":26}},"locations":[{"start":{"line":26,"column":4},"end":{"line":27,"column":26}}]},"9":{"type":"branch","line":29,"loc":{"start":{"line":29,"column":2},"end":{"line":31,"column":3}},"locations":[{"start":{"line":29,"column":2},"end":{"line":31,"column":3}}]},"10":{"type":"branch","line":30,"loc":{"start":{"line":30,"column":67},"end":{"line":30,"column":93}},"locations":[{"start":{"line":30,"column":67},"end":{"line":30,"column":93}}]},"11":{"type":"branch","line":32,"loc":{"start":{"line":32,"column":2},"end":{"line":37,"column":3}},"locations":[{"start":{"line":32,"column":2},"end":{"line":37,"column":3}}]},"12":{"type":"branch","line":35,"loc":{"start":{"line":35,"column":4},"end":{"line":36,"column":26}},"locations":[{"start":{"line":35,"column":4},"end":{"line":36,"column":26}}]},"13":{"type":"branch","line":38,"loc":{"start":{"line":38,"column":2},"end":{"line":43,"column":3}},"locations":[{"start":{"line":38,"column":2},"end":{"line":43,"column":3}}]},"14":{"type":"branch","line":41,"loc":{"start":{"line":41,"column":4},"end":{"line":42,"column":26}},"locations":[{"start":{"line":41,"column":4},"end":{"line":42,"column":26}}]},"15":{"type":"branch","line":46,"loc":{"start":{"line":46,"column":2},"end":{"line":49,"column":3}},"locations":[{"start":{"line":46,"column":2},"end":{"line":49,"column":3}}]},"16":{"type":"branch","line":50,"loc":{"start":{"line":50,"column":2},"end":{"line":53,"column":3}},"locations":[{"start":{"line":50,"column":2},"end":{"line":53,"column":3}}]},"17":{"type":"branch","line":56,"loc":{"start":{"line":56,"column":2},"end":{"line":58,"column":3}},"locations":[{"start":{"line":56,"column":2},"end":{"line":58,"column":3}}]},"18":{"type":"branch","line":59,"loc":{"start":{"line":59,"column":2},"end":{"line":69,"column":3}},"locations":[{"start":{"line":59,"column":2},"end":{"line":69,"column":3}}]},"19":{"type":"branch","line":60,"loc":{"start":{"line":60,"column":32},"end":{"line":62,"column":5}},"locations":[{"start":{"line":60,"column":32},"end":{"line":62,"column":5}}]},"20":{"type":"branch","line":62,"loc":{"start":{"line":62,"column":4},"end":{"line":68,"column":11}},"locations":[{"start":{"line":62,"column":4},"end":{"line":68,"column":11}}]},"21":{"type":"branch","line":64,"loc":{"start":{"line":64,"column":21},"end":{"line":66,"column":8}},"locations":[{"start":{"line":64,"column":21},"end":{"line":66,"column":8}}]},"22":{"type":"branch","line":70,"loc":{"start":{"line":70,"column":2},"end":{"line":72,"column":3}},"locations":[{"start":{"line":70,"column":2},"end":{"line":72,"column":3}}]},"23":{"type":"branch","line":73,"loc":{"start":{"line":73,"column":2},"end":{"line":83,"column":3}},"locations":[{"start":{"line":73,"column":2},"end":{"line":83,"column":3}}]},"24":{"type":"branch","line":74,"loc":{"start":{"line":74,"column":32},"end":{"line":76,"column":5}},"locations":[{"start":{"line":74,"column":32},"end":{"line":76,"column":5}}]},"25":{"type":"branch","line":76,"loc":{"start":{"line":76,"column":4},"end":{"line":82,"column":11}},"locations":[{"start":{"line":76,"column":4},"end":{"line":82,"column":11}}]},"26":{"type":"branch","line":78,"loc":{"start":{"line":78,"column":21},"end":{"line":80,"column":8}},"locations":[{"start":{"line":78,"column":21},"end":{"line":80,"column":8}}]},"27":{"type":"branch","line":84,"loc":{"start":{"line":84,"column":2},"end":{"line":101,"column":3}},"locations":[{"start":{"line":84,"column":2},"end":{"line":101,"column":3}}]},"28":{"type":"branch","line":85,"loc":{"start":{"line":85,"column":35},"end":{"line":92,"column":5}},"locations":[{"start":{"line":85,"column":35},"end":{"line":92,"column":5}}]},"29":{"type":"branch","line":92,"loc":{"start":{"line":92,"column":4},"end":{"line":100,"column":11}},"locations":[{"start":{"line":92,"column":4},"end":{"line":100,"column":11}}]},"30":{"type":"branch","line":86,"loc":{"start":{"line":86,"column":21},"end":{"line":91,"column":8}},"locations":[{"start":{"line":86,"column":21},"end":{"line":91,"column":8}}]},"31":{"type":"branch","line":87,"loc":{"start":{"line":87,"column":51},"end":{"line":90,"column":10}},"locations":[{"start":{"line":87,"column":51},"end":{"line":90,"column":10}}]},"32":{"type":"branch","line":89,"loc":{"start":{"line":89,"column":10},"end":{"line":90,"column":9}},"locations":[{"start":{"line":89,"column":10},"end":{"line":90,"column":9}}]},"33":{"type":"branch","line":94,"loc":{"start":{"line":94,"column":47},"end":{"line":97,"column":8}},"locations":[{"start":{"line":94,"column":47},"end":{"line":97,"column":8}}]},"34":{"type":"branch","line":96,"loc":{"start":{"line":96,"column":8},"end":{"line":97,"column":7}},"locations":[{"start":{"line":96,"column":8},"end":{"line":97,"column":7}}]},"35":{"type":"branch","line":102,"loc":{"start":{"line":102,"column":2},"end":{"line":109,"column":3}},"locations":[{"start":{"line":102,"column":2},"end":{"line":109,"column":3}}]},"36":{"type":"branch","line":103,"loc":{"start":{"line":103,"column":36},"end":{"line":106,"column":6}},"locations":[{"start":{"line":103,"column":36},"end":{"line":106,"column":6}}]},"37":{"type":"branch","line":104,"loc":{"start":{"line":104,"column":38},"end":{"line":105,"column":13}},"locations":[{"start":{"line":104,"column":38},"end":{"line":105,"column":13}}]},"38":{"type":"branch","line":105,"loc":{"start":{"line":105,"column":6},"end":{"line":106,"column":5}},"locations":[{"start":{"line":105,"column":6},"end":{"line":106,"column":5}}]},"39":{"type":"branch","line":110,"loc":{"start":{"line":110,"column":2},"end":{"line":116,"column":3}},"locations":[{"start":{"line":110,"column":2},"end":{"line":116,"column":3}}]},"40":{"type":"branch","line":111,"loc":{"start":{"line":111,"column":37},"end":{"line":114,"column":6}},"locations":[{"start":{"line":111,"column":37},"end":{"line":114,"column":6}}]},"41":{"type":"branch","line":112,"loc":{"start":{"line":112,"column":38},"end":{"line":113,"column":13}},"locations":[{"start":{"line":112,"column":38},"end":{"line":113,"column":13}}]},"42":{"type":"branch","line":113,"loc":{"start":{"line":113,"column":6},"end":{"line":114,"column":5}},"locations":[{"start":{"line":113,"column":6},"end":{"line":114,"column":5}}]},"43":{"type":"branch","line":117,"loc":{"start":{"line":117,"column":2},"end":{"line":120,"column":3}},"locations":[{"start":{"line":117,"column":2},"end":{"line":120,"column":3}}]},"44":{"type":"branch","line":123,"loc":{"start":{"line":123,"column":2},"end":{"line":126,"column":3}},"locations":[{"start":{"line":123,"column":2},"end":{"line":126,"column":3}}]},"45":{"type":"branch","line":127,"loc":{"start":{"line":127,"column":2},"end":{"line":130,"column":3}},"locations":[{"start":{"line":127,"column":2},"end":{"line":130,"column":3}}]},"46":{"type":"branch","line":131,"loc":{"start":{"line":131,"column":2},"end":{"line":134,"column":3}},"locations":[{"start":{"line":131,"column":2},"end":{"line":134,"column":3}}]},"47":{"type":"branch","line":137,"loc":{"start":{"line":137,"column":2},"end":{"line":141,"column":3}},"locations":[{"start":{"line":137,"column":2},"end":{"line":141,"column":3}}]},"48":{"type":"branch","line":142,"loc":{"start":{"line":142,"column":2},"end":{"line":158,"column":3}},"locations":[{"start":{"line":142,"column":2},"end":{"line":158,"column":3}}]},"49":{"type":"branch","line":145,"loc":{"start":{"line":145,"column":33},"end":{"line":149,"column":5}},"locations":[{"start":{"line":145,"column":33},"end":{"line":149,"column":5}}]},"50":{"type":"branch","line":149,"loc":{"start":{"line":149,"column":4},"end":{"line":157,"column":11}},"locations":[{"start":{"line":149,"column":4},"end":{"line":157,"column":11}}]},"51":{"type":"branch","line":151,"loc":{"start":{"line":151,"column":21},"end":{"line":155,"column":8}},"locations":[{"start":{"line":151,"column":21},"end":{"line":155,"column":8}}]},"52":{"type":"branch","line":159,"loc":{"start":{"line":159,"column":2},"end":{"line":169,"column":3}},"locations":[{"start":{"line":159,"column":2},"end":{"line":169,"column":3}}]},"53":{"type":"branch","line":168,"loc":{"start":{"line":168,"column":8},"end":{"line":169,"column":3}},"locations":[{"start":{"line":168,"column":8},"end":{"line":169,"column":3}}]},"54":{"type":"branch","line":162,"loc":{"start":{"line":162,"column":29},"end":{"line":167,"column":7}},"locations":[{"start":{"line":162,"column":29},"end":{"line":167,"column":7}}]},"55":{"type":"branch","line":163,"loc":{"start":{"line":163,"column":22},"end":{"line":166,"column":13}},"locations":[{"start":{"line":163,"column":22},"end":{"line":166,"column":13}}]},"56":{"type":"branch","line":170,"loc":{"start":{"line":170,"column":2},"end":{"line":188,"column":3}},"locations":[{"start":{"line":170,"column":2},"end":{"line":188,"column":3}}]},"57":{"type":"branch","line":171,"loc":{"start":{"line":171,"column":55},"end":{"line":187,"column":11}},"locations":[{"start":{"line":171,"column":55},"end":{"line":187,"column":11}}]},"58":{"type":"branch","line":174,"loc":{"start":{"line":174,"column":37},"end":{"line":180,"column":7}},"locations":[{"start":{"line":174,"column":37},"end":{"line":180,"column":7}}]},"59":{"type":"branch","line":180,"loc":{"start":{"line":180,"column":6},"end":{"line":185,"column":7}},"locations":[{"start":{"line":180,"column":6},"end":{"line":185,"column":7}}]},"60":{"type":"branch","line":175,"loc":{"start":{"line":175,"column":23},"end":{"line":179,"column":10}},"locations":[{"start":{"line":175,"column":23},"end":{"line":179,"column":10}}]},"61":{"type":"branch","line":191,"loc":{"start":{"line":191,"column":2},"end":{"line":193,"column":3}},"locations":[{"start":{"line":191,"column":2},"end":{"line":193,"column":3}}]},"62":{"type":"branch","line":194,"loc":{"start":{"line":194,"column":2},"end":{"line":204,"column":3}},"locations":[{"start":{"line":194,"column":2},"end":{"line":204,"column":3}}]},"63":{"type":"branch","line":195,"loc":{"start":{"line":195,"column":33},"end":{"line":203,"column":11}},"locations":[{"start":{"line":195,"column":33},"end":{"line":203,"column":11}}]},"64":{"type":"branch","line":199,"loc":{"start":{"line":199,"column":21},"end":{"line":201,"column":8}},"locations":[{"start":{"line":199,"column":21},"end":{"line":201,"column":8}}]},"65":{"type":"branch","line":205,"loc":{"start":{"line":205,"column":2},"end":{"line":208,"column":3}},"locations":[{"start":{"line":205,"column":2},"end":{"line":208,"column":3}}]},"66":{"type":"branch","line":210,"loc":{"start":{"line":210,"column":2},"end":{"line":217,"column":3}},"locations":[{"start":{"line":210,"column":2},"end":{"line":217,"column":3}}]},"67":{"type":"branch","line":211,"loc":{"start":{"line":211,"column":47},"end":{"line":213,"column":5}},"locations":[{"start":{"line":211,"column":47},"end":{"line":213,"column":5}}]},"68":{"type":"branch","line":213,"loc":{"start":{"line":213,"column":4},"end":{"line":216,"column":5}},"locations":[{"start":{"line":213,"column":4},"end":{"line":216,"column":5}}]},"69":{"type":"branch","line":218,"loc":{"start":{"line":218,"column":2},"end":{"line":231,"column":3}},"locations":[{"start":{"line":218,"column":2},"end":{"line":231,"column":3}}]},"70":{"type":"branch","line":220,"loc":{"start":{"line":220,"column":35},"end":{"line":227,"column":7}},"locations":[{"start":{"line":220,"column":35},"end":{"line":227,"column":7}}]},"71":{"type":"branch","line":224,"loc":{"start":{"line":224,"column":23},"end":{"line":226,"column":10}},"locations":[{"start":{"line":224,"column":23},"end":{"line":226,"column":10}}]},"72":{"type":"branch","line":232,"loc":{"start":{"line":232,"column":2},"end":{"line":247,"column":1}},"locations":[{"start":{"line":232,"column":2},"end":{"line":247,"column":1}}]},"73":{"type":"branch","line":234,"loc":{"start":{"line":234,"column":21},"end":{"line":236,"column":8}},"locations":[{"start":{"line":234,"column":21},"end":{"line":236,"column":8}}]},"74":{"type":"branch","line":238,"loc":{"start":{"line":238,"column":46},"end":{"line":240,"column":8}},"locations":[{"start":{"line":238,"column":46},"end":{"line":240,"column":8}}]},"75":{"type":"branch","line":239,"loc":{"start":{"line":239,"column":48},"end":{"line":240,"column":7}},"locations":[{"start":{"line":239,"column":48},"end":{"line":240,"column":7}}]},"76":{"type":"branch","line":247,"loc":{"start":{"line":247,"column":0},"end":{"line":247,"column":1}},"locations":[{"start":{"line":247,"column":0},"end":{"line":247,"column":1}}]},"77":{"type":"branch","line":249,"loc":{"start":{"line":249,"column":7},"end":{"line":251,"column":1}},"locations":[{"start":{"line":249,"column":7},"end":{"line":251,"column":1}}]},"78":{"type":"branch","line":251,"loc":{"start":{"line":251,"column":0},"end":{"line":251,"column":1}},"locations":[{"start":{"line":251,"column":0},"end":{"line":251,"column":1}}]},"79":{"type":"branch","line":253,"loc":{"start":{"line":253,"column":7},"end":{"line":255,"column":1}},"locations":[{"start":{"line":253,"column":7},"end":{"line":255,"column":1}}]},"80":{"type":"branch","line":255,"loc":{"start":{"line":255,"column":0},"end":{"line":255,"column":1}},"locations":[{"start":{"line":255,"column":0},"end":{"line":255,"column":1}}]},"81":{"type":"branch","line":257,"loc":{"start":{"line":257,"column":7},"end":{"line":259,"column":1}},"locations":[{"start":{"line":257,"column":7},"end":{"line":259,"column":1}}]},"82":{"type":"branch","line":259,"loc":{"start":{"line":259,"column":0},"end":{"line":259,"column":1}},"locations":[{"start":{"line":259,"column":0},"end":{"line":259,"column":1}}]},"83":{"type":"branch","line":261,"loc":{"start":{"line":261,"column":7},"end":{"line":263,"column":1}},"locations":[{"start":{"line":261,"column":7},"end":{"line":263,"column":1}}]},"84":{"type":"branch","line":263,"loc":{"start":{"line":263,"column":0},"end":{"line":263,"column":1}},"locations":[{"start":{"line":263,"column":0},"end":{"line":263,"column":1}}]},"85":{"type":"branch","line":265,"loc":{"start":{"line":265,"column":7},"end":{"line":275,"column":1}},"locations":[{"start":{"line":265,"column":7},"end":{"line":275,"column":1}}]},"86":{"type":"branch","line":266,"loc":{"start":{"line":266,"column":24},"end":{"line":275,"column":1}},"locations":[{"start":{"line":266,"column":24},"end":{"line":275,"column":1}}]},"87":{"type":"branch","line":269,"loc":{"start":{"line":269,"column":42},"end":{"line":275,"column":1}},"locations":[{"start":{"line":269,"column":42},"end":{"line":275,"column":1}}]},"88":{"type":"branch","line":267,"loc":{"start":{"line":267,"column":19},"end":{"line":267,"column":34}},"locations":[{"start":{"line":267,"column":19},"end":{"line":267,"column":34}}]},"89":{"type":"branch","line":275,"loc":{"start":{"line":275,"column":0},"end":{"line":275,"column":1}},"locations":[{"start":{"line":275,"column":0},"end":{"line":275,"column":1}}]},"90":{"type":"branch","line":278,"loc":{"start":{"line":278,"column":7},"end":{"line":289,"column":1}},"locations":[{"start":{"line":278,"column":7},"end":{"line":289,"column":1}}]},"91":{"type":"branch","line":279,"loc":{"start":{"line":279,"column":34},"end":{"line":284,"column":3}},"locations":[{"start":{"line":279,"column":34},"end":{"line":284,"column":3}}]},"92":{"type":"branch","line":282,"loc":{"start":{"line":282,"column":4},"end":{"line":283,"column":26}},"locations":[{"start":{"line":282,"column":4},"end":{"line":283,"column":26}}]},"93":{"type":"branch","line":284,"loc":{"start":{"line":284,"column":2},"end":{"line":289,"column":1}},"locations":[{"start":{"line":284,"column":2},"end":{"line":289,"column":1}}]},"94":{"type":"branch","line":287,"loc":{"start":{"line":287,"column":2},"end":{"line":289,"column":1}},"locations":[{"start":{"line":287,"column":2},"end":{"line":289,"column":1}}]},"95":{"type":"branch","line":289,"loc":{"start":{"line":289,"column":0},"end":{"line":289,"column":1}},"locations":[{"start":{"line":289,"column":0},"end":{"line":289,"column":1}}]},"96":{"type":"branch","line":291,"loc":{"start":{"line":291,"column":7},"end":{"line":293,"column":1}},"locations":[{"start":{"line":291,"column":7},"end":{"line":293,"column":1}}]},"97":{"type":"branch","line":292,"loc":{"start":{"line":292,"column":118},"end":{"line":292,"column":144}},"locations":[{"start":{"line":292,"column":118},"end":{"line":292,"column":144}}]},"98":{"type":"branch","line":293,"loc":{"start":{"line":293,"column":0},"end":{"line":293,"column":1}},"locations":[{"start":{"line":293,"column":0},"end":{"line":293,"column":1}}]},"99":{"type":"branch","line":295,"loc":{"start":{"line":295,"column":7},"end":{"line":300,"column":1}},"locations":[{"start":{"line":295,"column":7},"end":{"line":300,"column":1}}]},"100":{"type":"branch","line":298,"loc":{"start":{"line":298,"column":2},"end":{"line":300,"column":1}},"locations":[{"start":{"line":298,"column":2},"end":{"line":300,"column":1}}]},"101":{"type":"branch","line":300,"loc":{"start":{"line":300,"column":0},"end":{"line":300,"column":1}},"locations":[{"start":{"line":300,"column":0},"end":{"line":300,"column":1}}]}},"b":{"0":[128],"1":[128],"2":[6],"3":[122],"4":[55],"5":[1],"6":[1],"7":[3],"8":[1],"9":[22],"10":[40],"11":[3],"12":[1],"13":[3],"14":[1],"15":[2],"16":[1],"17":[10],"18":[11],"19":[10],"20":[1],"21":[2],"22":[5],"23":[4],"24":[3],"25":[1],"26":[2],"27":[3],"28":[1],"29":[2],"30":[2],"31":[5],"32":[0],"33":[3],"34":[0],"35":[1],"36":[3],"37":[1],"38":[2],"39":[1],"40":[3],"41":[1],"42":[2],"43":[1],"44":[3],"45":[1],"46":[2],"47":[14],"48":[3],"49":[2],"50":[1],"51":[2],"52":[2],"53":[1],"54":[2],"55":[1],"56":[2],"57":[5],"58":[2],"59":[3],"60":[4],"61":[7],"62":[2],"63":[1],"64":[2],"65":[1],"66":[11],"67":[9],"68":[2],"69":[2],"70":[1],"71":[2],"72":[1],"73":[3],"74":[1],"75":[0],"76":[55],"77":[2],"78":[2],"79":[2],"80":[2],"81":[13],"82":[13],"83":[13],"84":[9],"85":[4],"86":[2],"87":[1],"88":[4],"89":[3],"90":[20],"91":[5],"92":[2],"93":[15],"94":[0],"95":[3],"96":[5],"97":[6],"98":[2],"99":[14],"100":[1],"101":[1]},"fnMap":{"0":{"name":"<instance_members_initializer>","decl":{"start":{"line":5,"column":10},"end":{"line":5,"column":29}},"loc":{"start":{"line":5,"column":10},"end":{"line":5,"column":29}},"line":5},"1":{"name":"ReaperNode$","decl":{"start":{"line":6,"column":2},"end":{"line":9,"column":3}},"loc":{"start":{"line":6,"column":2},"end":{"line":9,"column":3}},"line":6},"2":{"name":"node","decl":{"start":{"line":11,"column":2},"end":{"line":13,"column":3}},"loc":{"start":{"line":11,"column":2},"end":{"line":13,"column":3}},"line":11},"3":{"name":"select","decl":{"start":{"line":15,"column":2},"end":{"line":17,"column":3}},"loc":{"start":{"line":15,"column":2},"end":{"line":17,"column":3}},"line":15},"4":{"name":"selectAll","decl":{"start":{"line":18,"column":2},"end":{"line":20,"column":3}},"loc":{"start":{"line":18,"column":2},"end":{"line":20,"column":3}},"line":18},"5":{"name":"parent","decl":{"start":{"line":23,"column":2},"end":{"line":28,"column":3}},"loc":{"start":{"line":23,"column":2},"end":{"line":28,"column":3}},"line":23},"6":{"name":"children","decl":{"start":{"line":29,"column":2},"end":{"line":31,"column":3}},"loc":{"start":{"line":29,"column":2},"end":{"line":31,"column":3}},"line":29},"7":{"name":"next","decl":{"start":{"line":32,"column":2},"end":{"line":37,"column":3}},"loc":{"start":{"line":32,"column":2},"end":{"line":37,"column":3}},"line":32},"8":{"name":"prev","decl":{"start":{"line":38,"column":2},"end":{"line":43,"column":3}},"loc":{"start":{"line":38,"column":2},"end":{"line":43,"column":3}},"line":38},"9":{"name":"on","decl":{"start":{"line":46,"column":2},"end":{"line":49,"column":3}},"loc":{"start":{"line":46,"column":2},"end":{"line":49,"column":3}},"line":46},"10":{"name":"off","decl":{"start":{"line":50,"column":2},"end":{"line":53,"column":3}},"loc":{"start":{"line":50,"column":2},"end":{"line":53,"column":3}},"line":50},"11":{"name":"text","decl":{"start":{"line":56,"column":2},"end":{"line":58,"column":3}},"loc":{"start":{"line":56,"column":2},"end":{"line":58,"column":3}},"line":56},"12":{"name":"setText","decl":{"start":{"line":59,"column":2},"end":{"line":69,"column":3}},"loc":{"start":{"line":59,"column":2},"end":{"line":69,"column":3}},"line":59},"13":{"name":"html","decl":{"start":{"line":70,"column":2},"end":{"line":72,"column":3}},"loc":{"start":{"line":70,"column":2},"end":{"line":72,"column":3}},"line":70},"14":{"name":"setHtml","decl":{"start":{"line":73,"column":2},"end":{"line":83,"column":3}},"loc":{"start":{"line":73,"column":2},"end":{"line":83,"column":3}},"line":73},"15":{"name":"setChildren","decl":{"start":{"line":84,"column":2},"end":{"line":101,"column":3}},"loc":{"start":{"line":84,"column":2},"end":{"line":101,"column":3}},"line":84},"16":{"name":"append","decl":{"start":{"line":102,"column":2},"end":{"line":109,"column":3}},"loc":{"start":{"line":102,"column":2},"end":{"line":109,"column":3}},"line":102},"17":{"name":"prepend","decl":{"start":{"line":110,"column":2},"end":{"line":116,"column":3}},"loc":{"start":{"line":110,"column":2},"end":{"line":116,"column":3}},"line":110},"18":{"name":"remove","decl":{"start":{"line":117,"column":2},"end":{"line":120,"column":3}},"loc":{"start":{"line":117,"column":2},"end":{"line":120,"column":3}},"line":117},"19":{"name":"addClass","decl":{"start":{"line":123,"column":2},"end":{"line":126,"column":3}},"loc":{"start":{"line":123,"column":2},"end":{"line":126,"column":3}},"line":123},"20":{"name":"removeClass","decl":{"start":{"line":127,"column":2},"end":{"line":130,"column":3}},"loc":{"start":{"line":127,"column":2},"end":{"line":130,"column":3}},"line":127},"21":{"name":"toggleClass","decl":{"start":{"line":131,"column":2},"end":{"line":134,"column":3}},"loc":{"start":{"line":131,"column":2},"end":{"line":134,"column":3}},"line":131},"22":{"name":"css","decl":{"start":{"line":137,"column":2},"end":{"line":141,"column":3}},"loc":{"start":{"line":137,"column":2},"end":{"line":141,"column":3}},"line":137},"23":{"name":"setCss","decl":{"start":{"line":142,"column":2},"end":{"line":158,"column":3}},"loc":{"start":{"line":142,"column":2},"end":{"line":158,"column":3}},"line":142},"24":{"name":"style","decl":{"start":{"line":159,"column":2},"end":{"line":169,"column":3}},"loc":{"start":{"line":159,"column":2},"end":{"line":169,"column":3}},"line":159},"25":{"name":"setStyle","decl":{"start":{"line":170,"column":2},"end":{"line":188,"column":3}},"loc":{"start":{"line":170,"column":2},"end":{"line":188,"column":3}},"line":170},"26":{"name":"attr","decl":{"start":{"line":191,"column":2},"end":{"line":193,"column":3}},"loc":{"start":{"line":191,"column":2},"end":{"line":193,"column":3}},"line":191},"27":{"name":"setAttr","decl":{"start":{"line":194,"column":2},"end":{"line":204,"column":3}},"loc":{"start":{"line":194,"column":2},"end":{"line":204,"column":3}},"line":194},"28":{"name":"removeAttr","decl":{"start":{"line":205,"column":2},"end":{"line":208,"column":3}},"loc":{"start":{"line":205,"column":2},"end":{"line":208,"column":3}},"line":205},"29":{"name":"value","decl":{"start":{"line":210,"column":2},"end":{"line":217,"column":3}},"loc":{"start":{"line":210,"column":2},"end":{"line":217,"column":3}},"line":210},"30":{"name":"setValue","decl":{"start":{"line":218,"column":2},"end":{"line":231,"column":3}},"loc":{"start":{"line":218,"column":2},"end":{"line":231,"column":3}},"line":218},"31":{"name":"bindValue","decl":{"start":{"line":232,"column":2},"end":{"line":247,"column":1}},"loc":{"start":{"line":232,"column":2},"end":{"line":247,"column":1}},"line":232},"32":{"name":"get","decl":{"start":{"line":247,"column":0},"end":{"line":247,"column":1}},"loc":{"start":{"line":247,"column":0},"end":{"line":247,"column":1}},"line":247},"33":{"name":"select","decl":{"start":{"line":249,"column":7},"end":{"line":251,"column":1}},"loc":{"start":{"line":249,"column":7},"end":{"line":251,"column":1}},"line":249},"34":{"name":"get","decl":{"start":{"line":251,"column":0},"end":{"line":251,"column":1}},"loc":{"start":{"line":251,"column":0},"end":{"line":251,"column":1}},"line":251},"35":{"name":"selectAll","decl":{"start":{"line":253,"column":7},"end":{"line":255,"column":1}},"loc":{"start":{"line":253,"column":7},"end":{"line":255,"column":1}},"line":253},"36":{"name":"get","decl":{"start":{"line":255,"column":0},"end":{"line":255,"column":1}},"loc":{"start":{"line":255,"column":0},"end":{"line":255,"column":1}},"line":255},"37":{"name":"create","decl":{"start":{"line":257,"column":7},"end":{"line":259,"column":1}},"loc":{"start":{"line":257,"column":7},"end":{"line":259,"column":1}},"line":257},"38":{"name":"get","decl":{"start":{"line":259,"column":0},"end":{"line":259,"column":1}},"loc":{"start":{"line":259,"column":0},"end":{"line":259,"column":1}},"line":259},"39":{"name":"wrap","decl":{"start":{"line":261,"column":7},"end":{"line":263,"column":1}},"loc":{"start":{"line":261,"column":7},"end":{"line":263,"column":1}},"line":261},"40":{"name":"get","decl":{"start":{"line":263,"column":0},"end":{"line":263,"column":1}},"loc":{"start":{"line":263,"column":0},"end":{"line":263,"column":1}},"line":263},"41":{"name":"wrapAll","decl":{"start":{"line":265,"column":7},"end":{"line":275,"column":1}},"loc":{"start":{"line":265,"column":7},"end":{"line":275,"column":1}},"line":265},"42":{"name":"get","decl":{"start":{"line":275,"column":0},"end":{"line":275,"column":1}},"loc":{"start":{"line":275,"column":0},"end":{"line":275,"column":1}},"line":275},"43":{"name":"$","decl":{"start":{"line":278,"column":7},"end":{"line":289,"column":1}},"loc":{"start":{"line":278,"column":7},"end":{"line":289,"column":1}},"line":278},"44":{"name":"get","decl":{"start":{"line":289,"column":0},"end":{"line":289,"column":1}},"loc":{"start":{"line":289,"column":0},"end":{"line":289,"column":1}},"line":289},"45":{"name":"$$","decl":{"start":{"line":291,"column":7},"end":{"line":293,"column":1}},"loc":{"start":{"line":291,"column":7},"end":{"line":293,"column":1}},"line":291},"46":{"name":"get","decl":{"start":{"line":293,"column":0},"end":{"line":293,"column":1}},"loc":{"start":{"line":293,"column":0},"end":{"line":293,"column":1}},"line":293},"47":{"name":"$$$","decl":{"start":{"line":295,"column":7},"end":{"line":300,"column":1}},"loc":{"start":{"line":295,"column":7},"end":{"line":300,"column":1}},"line":295},"48":{"name":"get","decl":{"start":{"line":300,"column":0},"end":{"line":300,"column":1}},"loc":{"start":{"line":300,"column":0},"end":{"line":300,"column":1}},"line":300}},"f":{"0":128,"1":128,"2":55,"3":1,"4":1,"5":3,"6":22,"7":3,"8":3,"9":2,"10":1,"11":10,"12":11,"13":5,"14":4,"15":3,"16":1,"17":1,"18":1,"19":3,"20":1,"21":2,"22":14,"23":3,"24":2,"25":2,"26":7,"27":2,"28":1,"29":11,"30":2,"31":1,"32":55,"33":2,"34":2,"35":2,"36":2,"37":13,"38":13,"39":13,"40":9,"41":4,"42":3,"43":20,"44":3,"45":5,"46":2,"47":14,"48":1}}
,"E:\\afkDevs\\Creations\\Projects\\Project reaper js\\src\\lib\\state.ts": {"path":"E:\\afkDevs\\Creations\\Projects\\Project reaper js\\src\\lib\\state.ts","all":false,"statementMap":{"0":{"start":{"line":1,"column":0},"end":{"line":1,"column":31}},"1":{"start":{"line":2,"column":0},"end":{"line":2,"column":22}},"2":{"start":{"line":3,"column":0},"end":{"line":3,"column":16}},"3":{"start":{"line":4,"column":0},"end":{"line":4,"column":28}},"4":{"start":{"line":5,"column":0},"end":{"line":5,"column":25}},"5":{"start":{"line":6,"column":0},"end":{"line":6,"column":1}},"6":{"start":{"line":7,"column":0},"end":{"line":7,"column":0}},"7":{"start":{"line":8,"column":0},"end":{"line":8,"column":37}},"8":{"start":{"line":9,"column":0},"end":{"line":9,"column":0}},"9":{"start":{"line":10,"column":0},"end":{"line":10,"column":77}},"10":{"start":{"line":11,"column":0},"end":{"line":11,"column":31}},"11":{"start":{"line":12,"column":0},"end":{"line":12,"column":41}},"12":{"start":{"line":13,"column":0},"end":{"line":13,"column":0}},"13":{"start":{"line":14,"column":0},"end":{"line":14,"column":24}},"14":{"start":{"line":15,"column":0},"end":{"line":15,"column":39}},"15":{"start":{"line":16,"column":0},"end":{"line":16,"column":29}},"16":{"start":{"line":17,"column":0},"end":{"line":17,"column":35}},"17":{"start":{"line":18,"column":0},"end":{"line":18,"column":40}},"18":{"start":{"line":19,"column":0},"end":{"line":19,"column":5}},"19":{"start":{"line":20,"column":0},"end":{"line":20,"column":16}},"20":{"start":{"line":21,"column":0},"end":{"line":21,"column":3}},"21":{"start":{"line":22,"column":0},"end":{"line":22,"column":32}},"22":{"start":{"line":23,"column":0},"end":{"line":23,"column":17}},"23":{"start":{"line":24,"column":0},"end":{"line":24,"column":39}},"24":{"start":{"line":25,"column":0},"end":{"line":25,"column":16}},"25":{"start":{"line":26,"column":0},"end":{"line":26,"column":5}},"26":{"start":{"line":27,"column":0},"end":{"line":27,"column":3}},"27":{"start":{"line":28,"column":0},"end":{"line":28,"column":0}},"28":{"start":{"line":29,"column":0},"end":{"line":29,"column":25}},"29":{"start":{"line":30,"column":0},"end":{"line":30,"column":1}},"30":{"start":{"line":31,"column":0},"end":{"line":31,"column":0}},"31":{"start":{"line":32,"column":0},"end":{"line":32,"column":46}},"32":{"start":{"line":33,"column":0},"end":{"line":33,"column":28}},"33":{"start":{"line":34,"column":0},"end":{"line":34,"column":18}},"34":{"start":{"line":35,"column":0},"end":{"line":35,"column":30}},"35":{"start":{"line":36,"column":0},"end":{"line":36,"column":3}},"36":{"start":{"line":37,"column":0},"end":{"line":37,"column":1}},"37":{"start":{"line":38,"column":0},"end":{"line":38,"column":0}},"38":{"start":{"line":39,"column":0},"end":{"line":39,"column":41}},"39":{"start":{"line":40,"column":0},"end":{"line":40,"column":29}},"40":{"start":{"line":41,"column":0},"end":{"line":41,"column":19}},"41":{"start":{"line":42,"column":0},"end":{"line":42,"column":3}},"42":{"start":{"line":43,"column":0},"end":{"line":43,"column":32}},"43":{"start":{"line":44,"column":0},"end":{"line":44,"column":8}},"44":{"start":{"line":45,"column":0},"end":{"line":45,"column":3}},"45":{"start":{"line":46,"column":0},"end":{"line":46,"column":0}},"46":{"start":{"line":47,"column":0},"end":{"line":47,"column":18}},"47":{"start":{"line":48,"column":0},"end":{"line":48,"column":22}},"48":{"start":{"line":49,"column":0},"end":{"line":49,"column":1}},"49":{"start":{"line":50,"column":0},"end":{"line":50,"column":0}},"50":{"start":{"line":51,"column":0},"end":{"line":51,"column":51}},"51":{"start":{"line":52,"column":0},"end":{"line":52,"column":18}},"52":{"start":{"line":53,"column":0},"end":{"line":53,"column":17}},"53":{"start":{"line":54,"column":0},"end":{"line":54,"column":22}},"54":{"start":{"line":55,"column":0},"end":{"line":55,"column":8}},"55":{"start":{"line":56,"column":0},"end":{"line":56,"column":16}},"56":{"start":{"line":57,"column":0},"end":{"line":57,"column":5}},"57":{"start":{"line":58,"column":0},"end":{"line":58,"column":12}},"58":{"start":{"line":59,"column":0},"end":{"line":59,"column":19}},"59":{"start":{"line":60,"column":0},"end":{"line":60,"column":5}},"60":{"start":{"line":61,"column":0},"end":{"line":61,"column":3}},"61":{"start":{"line":62,"column":0},"end":{"line":62,"column":0}},"62":{"start":{"line":63,"column":0},"end":{"line":63,"column":16}},"63":{"start":{"line":64,"column":0},"end":{"line":64,"column":9}},"64":{"start":{"line":65,"column":0},"end":{"line":65,"column":37}},"65":{"start":{"line":66,"column":0},"end":{"line":66,"column":33}},"66":{"start":{"line":67,"column":0},"end":{"line":67,"column":3}},"67":{"start":{"line":68,"column":0},"end":{"line":68,"column":0}},"68":{"start":{"line":69,"column":0},"end":{"line":69,"column":8}},"69":{"start":{"line":70,"column":0},"end":{"line":70,"column":1}},"70":{"start":{"line":71,"column":0},"end":{"line":71,"column":0}},"71":{"start":{"line":72,"column":0},"end":{"line":72,"column":58}},"72":{"start":{"line":73,"column":0},"end":{"line":73,"column":48}},"73":{"start":{"line":74,"column":0},"end":{"line":74,"column":0}},"74":{"start":{"line":75,"column":0},"end":{"line":75,"column":25}},"75":{"start":{"line":76,"column":0},"end":{"line":76,"column":31}},"76":{"start":{"line":77,"column":0},"end":{"line":77,"column":30}},"77":{"start":{"line":78,"column":0},"end":{"line":78,"column":41}},"78":{"start":{"line":79,"column":0},"end":{"line":79,"column":16}},"79":{"start":{"line":80,"column":0},"end":{"line":80,"column":19}},"80":{"start":{"line":81,"column":0},"end":{"line":81,"column":10}},"81":{"start":{"line":82,"column":0},"end":{"line":82,"column":4}},"82":{"start":{"line":83,"column":0},"end":{"line":83,"column":21}},"83":{"start":{"line":84,"column":0},"end":{"line":84,"column":26}},"84":{"start":{"line":85,"column":0},"end":{"line":85,"column":6}},"85":{"start":{"line":86,"column":0},"end":{"line":86,"column":4}},"86":{"start":{"line":87,"column":0},"end":{"line":87,"column":1}},"87":{"start":{"line":88,"column":0},"end":{"line":88,"column":0}},"88":{"start":{"line":89,"column":0},"end":{"line":89,"column":65}},"89":{"start":{"line":90,"column":0},"end":{"line":90,"column":44}},"90":{"start":{"line":91,"column":0},"end":{"line":91,"column":44}},"91":{"start":{"line":92,"column":0},"end":{"line":92,"column":2}},"92":{"start":{"line":93,"column":0},"end":{"line":93,"column":14}},"93":{"start":{"line":94,"column":0},"end":{"line":94,"column":1}}},"s":{"0":1,"1":1,"2":1,"3":1,"4":1,"5":1,"6":1,"7":1,"8":1,"9":1,"10":19,"11":19,"12":19,"13":19,"14":69,"15":69,"16":56,"17":56,"18":56,"19":69,"20":69,"21":19,"22":25,"23":25,"24":22,"25":22,"26":25,"27":19,"28":19,"29":17,"30":1,"31":1,"32":2,"33":2,"34":2,"35":2,"36":0,"37":1,"38":1,"39":39,"40":28,"41":28,"42":39,"43":1,"44":1,"45":1,"46":39,"47":39,"48":0,"49":1,"50":1,"51":17,"52":39,"53":39,"54":39,"55":39,"56":39,"57":39,"58":39,"59":39,"60":39,"61":39,"62":17,"63":17,"64":17,"65":17,"66":17,"67":17,"68":17,"69":14,"70":1,"71":1,"72":1,"73":1,"74":1,"75":2,"76":2,"77":2,"78":2,"79":2,"80":2,"81":2,"82":2,"83":1,"84":1,"85":2,"86":1,"87":1,"88":1,"89":2,"90":2,"91":2,"92":2,"93":2},"branchMap":{"0":{"type":"branch","line":10,"loc":{"start":{"line":10,"column":7},"end":{"line":30,"column":1}},"locations":[{"start":{"line":10,"column":7},"end":{"line":30,"column":1}}]},"1":{"type":"branch","line":14,"loc":{"start":{"line":14,"column":17},"end":{"line":21,"column":3}},"locations":[{"start":{"line":14,"column":17},"end":{"line":21,"column":3}}]},"2":{"type":"branch","line":16,"loc":{"start":{"line":16,"column":28},"end":{"line":20,"column":11}},"locations":[{"start":{"line":16,"column":28},"end":{"line":20,"column":11}}]},"3":{"type":"branch","line":22,"loc":{"start":{"line":22,"column":18},"end":{"line":27,"column":3}},"locations":[{"start":{"line":22,"column":18},"end":{"line":27,"column":3}}]},"4":{"type":"branch","line":24,"loc":{"start":{"line":24,"column":38},"end":{"line":26,"column":5}},"locations":[{"start":{"line":24,"column":38},"end":{"line":26,"column":5}}]},"5":{"type":"branch","line":30,"loc":{"start":{"line":30,"column":0},"end":{"line":30,"column":1}},"locations":[{"start":{"line":30,"column":0},"end":{"line":30,"column":1}}]},"6":{"type":"branch","line":32,"loc":{"start":{"line":32,"column":7},"end":{"line":37,"column":1}},"locations":[{"start":{"line":32,"column":7},"end":{"line":37,"column":1}}]},"7":{"type":"branch","line":39,"loc":{"start":{"line":39,"column":7},"end":{"line":49,"column":1}},"locations":[{"start":{"line":39,"column":7},"end":{"line":49,"column":1}}]},"8":{"type":"branch","line":40,"loc":{"start":{"line":40,"column":28},"end":{"line":43,"column":12}},"locations":[{"start":{"line":40,"column":28},"end":{"line":43,"column":12}}]},"9":{"type":"branch","line":43,"loc":{"start":{"line":43,"column":31},"end":{"line":47,"column":6}},"locations":[{"start":{"line":43,"column":31},"end":{"line":47,"column":6}}]},"10":{"type":"branch","line":51,"loc":{"start":{"line":51,"column":7},"end":{"line":70,"column":1}},"locations":[{"start":{"line":51,"column":7},"end":{"line":70,"column":1}}]},"11":{"type":"branch","line":52,"loc":{"start":{"line":52,"column":2},"end":{"line":63,"column":8}},"locations":[{"start":{"line":52,"column":2},"end":{"line":63,"column":8}}]},"12":{"type":"branch","line":70,"loc":{"start":{"line":70,"column":0},"end":{"line":70,"column":1}},"locations":[{"start":{"line":70,"column":0},"end":{"line":70,"column":1}}]},"13":{"type":"branch","line":72,"loc":{"start":{"line":72,"column":7},"end":{"line":87,"column":1}},"locations":[{"start":{"line":72,"column":7},"end":{"line":87,"column":1}}]},"14":{"type":"branch","line":75,"loc":{"start":{"line":75,"column":17},"end":{"line":86,"column":4}},"locations":[{"start":{"line":75,"column":17},"end":{"line":86,"column":4}}]},"15":{"type":"branch","line":77,"loc":{"start":{"line":77,"column":23},"end":{"line":81,"column":7}},"locations":[{"start":{"line":77,"column":23},"end":{"line":81,"column":7}}]},"16":{"type":"branch","line":83,"loc":{"start":{"line":83,"column":14},"end":{"line":85,"column":6}},"locations":[{"start":{"line":83,"column":14},"end":{"line":85,"column":6}}]},"17":{"type":"branch","line":87,"loc":{"start":{"line":87,"column":0},"end":{"line":87,"column":1}},"locations":[{"start":{"line":87,"column":0},"end":{"line":87,"column":1}}]},"18":{"type":"branch","line":89,"loc":{"start":{"line":89,"column":7},"end":{"line":94,"column":1}},"locations":[{"start":{"line":89,"column":7},"end":{"line":94,"column":1}}]},"19":{"type":"branch","line":91,"loc":{"start":{"line":91,"column":17},"end":{"line":91,"column":44}},"locations":[{"start":{"line":91,"column":17},"end":{"line":91,"column":44}}]},"20":{"type":"branch","line":94,"loc":{"start":{"line":94,"column":0},"end":{"line":94,"column":1}},"locations":[{"start":{"line":94,"column":0},"end":{"line":94,"column":1}}]}},"b":{"0":[19],"1":[69],"2":[56],"3":[25],"4":[22],"5":[17],"6":[2],"7":[39],"8":[28],"9":[1],"10":[17],"11":[39],"12":[14],"13":[1],"14":[2],"15":[2],"16":[1],"17":[1],"18":[2],"19":[3],"20":[2]},"fnMap":{"0":{"name":"createState","decl":{"start":{"line":10,"column":7},"end":{"line":30,"column":1}},"loc":{"start":{"line":10,"column":7},"end":{"line":30,"column":1}},"line":10},"1":{"name":"getter","decl":{"start":{"line":14,"column":17},"end":{"line":21,"column":3}},"loc":{"start":{"line":14,"column":17},"end":{"line":21,"column":3}},"line":14},"2":{"name":"setter","decl":{"start":{"line":22,"column":18},"end":{"line":27,"column":3}},"loc":{"start":{"line":22,"column":18},"end":{"line":27,"column":3}},"line":22},"3":{"name":"get","decl":{"start":{"line":30,"column":0},"end":{"line":30,"column":1}},"loc":{"start":{"line":30,"column":0},"end":{"line":30,"column":1}},"line":30},"4":{"name":"onCleanup","decl":{"start":{"line":32,"column":7},"end":{"line":37,"column":1}},"loc":{"start":{"line":32,"column":7},"end":{"line":37,"column":1}},"line":32},"5":{"name":"get","decl":{"start":{"line":37,"column":0},"end":{"line":37,"column":1}},"loc":{"start":{"line":37,"column":0},"end":{"line":37,"column":1}},"line":37},"6":{"name":"cleanup","decl":{"start":{"line":39,"column":7},"end":{"line":49,"column":1}},"loc":{"start":{"line":39,"column":7},"end":{"line":49,"column":1}},"line":39},"7":{"name":"get","decl":{"start":{"line":49,"column":0},"end":{"line":49,"column":1}},"loc":{"start":{"line":49,"column":0},"end":{"line":49,"column":1}},"line":49},"8":{"name":"createReaction","decl":{"start":{"line":51,"column":7},"end":{"line":70,"column":1}},"loc":{"start":{"line":51,"column":7},"end":{"line":70,"column":1}},"line":51},"9":{"name":"exec","decl":{"start":{"line":52,"column":2},"end":{"line":63,"column":8}},"loc":{"start":{"line":52,"column":2},"end":{"line":63,"column":8}},"line":52},"10":{"name":"get","decl":{"start":{"line":70,"column":0},"end":{"line":70,"column":1}},"loc":{"start":{"line":70,"column":0},"end":{"line":70,"column":1}},"line":70},"11":{"name":"createDeferedReaction","decl":{"start":{"line":72,"column":7},"end":{"line":87,"column":1}},"loc":{"start":{"line":72,"column":7},"end":{"line":87,"column":1}},"line":72},"12":{"name":"get","decl":{"start":{"line":87,"column":0},"end":{"line":87,"column":1}},"loc":{"start":{"line":87,"column":0},"end":{"line":87,"column":1}},"line":87},"13":{"name":"createMemo","decl":{"start":{"line":89,"column":7},"end":{"line":94,"column":1}},"loc":{"start":{"line":89,"column":7},"end":{"line":94,"column":1}},"line":89},"14":{"name":"get","decl":{"start":{"line":94,"column":0},"end":{"line":94,"column":1}},"loc":{"start":{"line":94,"column":0},"end":{"line":94,"column":1}},"line":94}},"f":{"0":19,"1":69,"2":25,"3":17,"4":2,"5":0,"6":39,"7":0,"8":17,"9":39,"10":14,"11":1,"12":1,"13":2,"14":2}}
,"E:\\afkDevs\\Creations\\Projects\\Project reaper js\\src\\lib\\utils.ts": {"path":"E:\\afkDevs\\Creations\\Projects\\Project reaper js\\src\\lib\\utils.ts","all":false,"statementMap":{"0":{"start":{"line":1,"column":0},"end":{"line":1,"column":48}},"1":{"start":{"line":2,"column":0},"end":{"line":2,"column":61}},"2":{"start":{"line":3,"column":0},"end":{"line":3,"column":1}},"3":{"start":{"line":4,"column":0},"end":{"line":4,"column":0}},"4":{"start":{"line":5,"column":0},"end":{"line":5,"column":23}},"5":{"start":{"line":6,"column":0},"end":{"line":6,"column":25}},"6":{"start":{"line":7,"column":0},"end":{"line":7,"column":0}},"7":{"start":{"line":8,"column":0},"end":{"line":8,"column":23}},"8":{"start":{"line":9,"column":0},"end":{"line":9,"column":25}},"9":{"start":{"line":10,"column":0},"end":{"line":10,"column":3}},"10":{"start":{"line":11,"column":0},"end":{"line":11,"column":0}},"11":{"start":{"line":12,"column":0},"end":{"line":12,"column":30}},"12":{"start":{"line":13,"column":0},"end":{"line":13,"column":27}},"13":{"start":{"line":14,"column":0},"end":{"line":14,"column":3}},"14":{"start":{"line":15,"column":0},"end":{"line":15,"column":2}},"15":{"start":{"line":16,"column":0},"end":{"line":16,"column":31}},"16":{"start":{"line":17,"column":0},"end":{"line":17,"column":44}},"17":{"start":{"line":18,"column":0},"end":{"line":18,"column":3}},"18":{"start":{"line":19,"column":0},"end":{"line":19,"column":1}}},"s":{"0":1,"1":24,"2":24,"3":1,"4":1,"5":1,"6":1,"7":1,"8":45,"9":45,"10":1,"11":1,"12":43,"13":43,"14":1,"15":1,"16":77,"17":77,"18":6},"branchMap":{"0":{"type":"branch","line":1,"loc":{"start":{"line":1,"column":47},"end":{"line":3,"column":1}},"locations":[{"start":{"line":1,"column":47},"end":{"line":3,"column":1}}]},"1":{"type":"branch","line":2,"loc":{"start":{"line":2,"column":36},"end":{"line":2,"column":61}},"locations":[{"start":{"line":2,"column":36},"end":{"line":2,"column":61}}]},"2":{"type":"branch","line":3,"loc":{"start":{"line":3,"column":0},"end":{"line":3,"column":1}},"locations":[{"start":{"line":3,"column":0},"end":{"line":3,"column":1}}]},"3":{"type":"branch","line":6,"loc":{"start":{"line":6,"column":10},"end":{"line":6,"column":25}},"locations":[{"start":{"line":6,"column":10},"end":{"line":6,"column":25}}]},"4":{"type":"branch","line":8,"loc":{"start":{"line":8,"column":9},"end":{"line":10,"column":3}},"locations":[{"start":{"line":8,"column":9},"end":{"line":10,"column":3}}]},"5":{"type":"branch","line":12,"loc":{"start":{"line":12,"column":9},"end":{"line":14,"column":3}},"locations":[{"start":{"line":12,"column":9},"end":{"line":14,"column":3}}]},"6":{"type":"branch","line":16,"loc":{"start":{"line":16,"column":9},"end":{"line":19,"column":1}},"locations":[{"start":{"line":16,"column":9},"end":{"line":19,"column":1}}]},"7":{"type":"branch","line":19,"loc":{"start":{"line":19,"column":0},"end":{"line":19,"column":1}},"locations":[{"start":{"line":19,"column":0},"end":{"line":19,"column":1}}]}},"b":{"0":[24],"1":[1],"2":[24],"3":[6],"4":[45],"5":[43],"6":[77],"7":[6]},"fnMap":{"0":{"name":"hyphenToCamelCase","decl":{"start":{"line":1,"column":47},"end":{"line":3,"column":1}},"loc":{"start":{"line":1,"column":47},"end":{"line":3,"column":1}},"line":1},"1":{"name":"get","decl":{"start":{"line":3,"column":0},"end":{"line":3,"column":1}},"loc":{"start":{"line":3,"column":0},"end":{"line":3,"column":1}},"line":3},"2":{"name":"<instance_members_initializer>","decl":{"start":{"line":6,"column":10},"end":{"line":6,"column":25}},"loc":{"start":{"line":6,"column":10},"end":{"line":6,"column":25}},"line":6},"3":{"name":"push","decl":{"start":{"line":8,"column":9},"end":{"line":10,"column":3}},"loc":{"start":{"line":8,"column":9},"end":{"line":10,"column":3}},"line":8},"4":{"name":"pop","decl":{"start":{"line":12,"column":9},"end":{"line":14,"column":3}},"loc":{"start":{"line":12,"column":9},"end":{"line":14,"column":3}},"line":12},"5":{"name":"peek","decl":{"start":{"line":16,"column":9},"end":{"line":19,"column":1}},"loc":{"start":{"line":16,"column":9},"end":{"line":19,"column":1}},"line":16},"6":{"name":"get","decl":{"start":{"line":19,"column":0},"end":{"line":19,"column":1}},"loc":{"start":{"line":19,"column":0},"end":{"line":19,"column":1}},"line":19}},"f":{"0":24,"1":24,"2":6,"3":45,"4":43,"5":77,"6":6}}
}
